<?xml version="1.0" encoding="UTF-8"?>
<!-- Generated by org.testng.reporters.JUnitReportReporter -->
<testsuite skipped="0" hostname="P5-H7XQX52" name="newtest.AppTest" tests="1" failures="0" timestamp="10 Jul 2018 09:29:16 GMT" time="0.010" errors="0">
  <testcase name="shouldAnswerWithTrue" time="0.010" classname="newtest.AppTest"/>
</testsuite> <!-- newtest.AppTest -->
