<?xml version="1.0" encoding="UTF-8"?>
<!-- Generated by org.testng.reporters.JUnitReportReporter -->
<testsuite skipped="0" hostname="P5-H7XQX52" name="newtest.NewTest" tests="1" failures="0" timestamp="10 Jul 2018 10:35:18 GMT" time="0.020" errors="0">
  <testcase name="f" time="0.020" classname="newtest.NewTest"/>
</testsuite> <!-- newtest.NewTest -->
